Start testing: May 22 15:02 CEST
----------------------------------------------------------
1/1 Testing: boids.t
1/1 Test: boids.t
Command: "/Users/bixiosun1/Desktop/Progetto2025/vec/build/Debug/boids.t"
Directory: /Users/bixiosun1/Desktop/Progetto2025/vec/build
"boids.t" start time: May 22 15:02 CEST
Output:
----------------------------------------------------------
[doctest] doctest version is "2.4.11"
[doctest] run with "--help" for options
===============================================================================
[doctest] test cases:  6 |  6 passed | 0 failed | 0 skipped
[doctest] assertions: 36 | 36 passed | 0 failed |
[doctest] Status: SUCCESS!
<end of output>
Test time =   0.37 sec
----------------------------------------------------------
Test Passed.
"boids.t" end time: May 22 15:02 CEST
"boids.t" time elapsed: 00:00:00
----------------------------------------------------------

End testing: May 22 15:02 CEST
